<?xml version="1.0" encoding="UTF-8" ?>
<testsuite tests="0" failures="0" name="com.demo.steps.TestRunner" time="0" errors="0" skipped="0">
  <properties>
    <property name="JOB_NAME" value="MavenSelBDD"/>
    <property name="java.vendor" value="Oracle Corporation"/>
    <property name="RUN_TESTS_DISPLAY_URL" value="http://localhost:8080/job/MavenSelBDD/9/display/redirect?page=tests"/>
    <property name="sun.java.launcher" value="SUN_STANDARD"/>
    <property name="sun.management.compiler" value="HotSpot 64-Bit Tiered Compilers"/>
    <property name="JENKINS_HOME" value="/Users/prashhant/.jenkins"/>
    <property name="PATH" value="/Library/Java/JavaVirtualMachines/jdk-17.jdk/Contents/Home/bin:/usr/bin:/bin:/usr/sbin:/sbin"/>
    <property name="HUDSON_SERVER_COOKIE" value="7be911a2d9819dff"/>
    <property name="POM_ARTIFACTID" value="PracticeSeleniumBDD"/>
    <property name="os.name" value="Mac OS X"/>
    <property name="EXECUTOR_NUMBER" value="1"/>
    <property name="java.vm.specification.vendor" value="Oracle Corporation"/>
    <property name="POM_DISPLAYNAME" value="PracticeSeleniumBDD"/>
    <property name="NODE_LABELS" value="built-in"/>
    <property name="java.runtime.version" value="17.0.8+9-LTS-211"/>
    <property name="user.name" value="prashhant"/>
    <property name="guice.disable.misplaced.annotation.check" value="true"/>
    <property name="JAVA_MAIN_CLASS_36444" value="executable.Main"/>
    <property name="user.language" value="en"/>
    <property name="JOB_BASE_NAME" value="MavenSelBDD"/>
    <property name="RUN_CHANGES_DISPLAY_URL" value="http://localhost:8080/job/MavenSelBDD/9/display/redirect?page=changes"/>
    <property name="BUILD_DISPLAY_NAME" value="#9"/>
    <property name="TMPDIR" value="/var/folders/cy/j10jjtk56pn7_mksy483gg100000gn/T/"/>
    <property name="sun.boot.library.path" value="/Library/Java/JavaVirtualMachines/jdk-17.jdk/Contents/Home/lib"/>
    <property name="java.vm.compressedOopsMode" value="Zero based"/>
    <property name="java.version" value="17.0.8"/>
    <property name="XPC_FLAGS" value="0x0"/>
    <property name="user.timezone" value="Africa/Johannesburg"/>
    <property name="sun.arch.data.model" value="64"/>
    <property name="NODE_NAME" value="built-in"/>
    <property name="http.nonProxyHosts" value="local|*.local|169.254/16|*.169.254/16"/>
    <property name="BUILD_ID" value="9"/>
    <property name="sun.jnu.encoding" value="UTF-8"/>
    <property name="SHELL" value="/bin/bash"/>
    <property name="file.separator" value="/"/>
    <property name="java.specification.name" value="Java Platform API Specification"/>
    <property name="java.class.version" value="61.0"/>
    <property name="org.slf4j.simpleLogger.defaultLogLevel" value="info"/>
    <property name="user.country" value="ZA"/>
    <property name="java.home" value="/Library/Java/JavaVirtualMachines/jdk-17.jdk/Contents/Home"/>
    <property name="java.vm.info" value="mixed mode, sharing"/>
    <property name="os.version" value="12.7"/>
    <property name="RUN_DISPLAY_URL" value="http://localhost:8080/job/MavenSelBDD/9/display/redirect"/>
    <property name="POM_VERSION" value="1.0-SNAPSHOT"/>
    <property name="sun.font.fontmanager" value="sun.font.CFontManager"/>
    <property name="path.separator" value=":"/>
    <property name="RUN_ARTIFACTS_DISPLAY_URL" value="http://localhost:8080/job/MavenSelBDD/9/display/redirect?page=artifacts"/>
    <property name="java.vm.version" value="17.0.8+9-LTS-211"/>
    <property name="JOB_DISPLAY_URL" value="http://localhost:8080/job/MavenSelBDD/display/redirect"/>
    <property name="JAVA_HOME" value="/Library/Java/JavaVirtualMachines/jdk-17.jdk/Contents/Home"/>
    <property name="sun.io.unicode.encoding" value="UnicodeBig"/>
    <property name="LOGNAME" value="prashhant"/>
    <property name="POM_PACKAGING" value="jar"/>
    <property name="socksNonProxyHosts" value="local|*.local|169.254/16|*.169.254/16"/>
    <property name="HOME" value="/Users/prashhant"/>
    <property name="ftp.nonProxyHosts" value="local|*.local|169.254/16|*.169.254/16"/>
    <property name="POM_GROUPID" value="org.example"/>
    <property name="user.home" value="/Users/prashhant"/>
    <property name="BUILD_TAG" value="jenkins-MavenSelBDD-9"/>
    <property name="JENKINS_SERVER_COOKIE" value="7be911a2d9819dff"/>
    <property name="XPC_SERVICE_NAME" value="homebrew.mxcl.jenkins-lts"/>
    <property name="HUDSON_URL" value="http://localhost:8080/"/>
    <property name="java.version.date" value="2023-07-18"/>
    <property name="java.specification.vendor" value="Oracle Corporation"/>
    <property name="CLASSPATH" value=""/>
    <property name="java.library.path" value="/Users/prashhant/Library/Java/Extensions:/Library/Java/Extensions:/Network/Library/Java/Extensions:/System/Library/Java/Extensions:/usr/lib/java:."/>
    <property name="java.vendor.url" value="https://java.oracle.com/"/>
    <property name="java.vm.vendor" value="Oracle Corporation"/>
    <property name="java.runtime.name" value="Java(TM) SE Runtime Environment"/>
    <property name="maven.home" value="/Users/prashhant/Documents/apache-maven-3.2.2"/>
    <property name="sun.java.command" value="jenkins.maven3.agent.Maven32Main /Users/prashhant/Documents/apache-maven-3.2.2 /Users/prashhant/.jenkins/war/WEB-INF/lib/remoting-3131.vf2b_b_798b_ce99.jar /Users/prashhant/.jenkins/plugins/maven-plugin/WEB-INF/lib/maven32-interceptor-1.14.jar /Users/prashhant/.jenkins/plugins/maven-plugin/WEB-INF/lib/maven3-interceptor-commons-1.14.jar 49229"/>
    <property name="java.class.path" value="/Users/prashhant/.jenkins/plugins/maven-plugin/WEB-INF/lib/maven32-agent-1.14.jar:/Users/prashhant/Documents/apache-maven-3.2.2/boot/plexus-classworlds-2.5.1.jar:/Users/prashhant/Documents/apache-maven-3.2.2/conf/logging"/>
    <property name="native.encoding" value="UTF-8"/>
    <property name="jdk.debug" value="release"/>
    <property name="java.vm.specification.name" value="Java Virtual Machine Specification"/>
    <property name="PATH+JDK" value="/Library/Java/JavaVirtualMachines/jdk-17.jdk/Contents/Home/bin"/>
    <property name="java.vm.specification.version" value="17"/>
    <property name="M2_HOME" value="/Users/prashhant/Documents/apache-maven-3.2.2"/>
    <property name="sun.cpu.endian" value="little"/>
    <property name="CI" value="true"/>
    <property name="java.io.tmpdir" value="/var/folders/cy/j10jjtk56pn7_mksy483gg100000gn/T/"/>
    <property name="HUDSON_HOME" value="/Users/prashhant/.jenkins"/>
    <property name="PATH+MAVEN" value="/Users/prashhant/Documents/apache-maven-3.2.2/bin"/>
    <property name="java.vendor.url.bug" value="https://bugreport.java.com/bugreport/"/>
    <property name="BUILD_URL" value="http://localhost:8080/job/MavenSelBDD/9/"/>
    <property name="SSH_AUTH_SOCK" value="/private/tmp/com.apple.launchd.nDEQ0f6jny/Listeners"/>
    <property name="os.arch" value="x86_64"/>
    <property name="__CF_USER_TEXT_ENCODING" value="0x1F5:0x0:0x0"/>
    <property name="user.dir" value="/Users/prashhant/Documents/Prashant Projects/PracticeSeleniumBDD"/>
    <property name="JOB_URL" value="http://localhost:8080/job/MavenSelBDD/"/>
    <property name="MAVEN_HOME" value="/Users/prashhant/Documents/apache-maven-3.2.2"/>
    <property name="line.separator" value="
"/>
    <property name="java.vm.name" value="Java HotSpot(TM) 64-Bit Server VM"/>
    <property name="BUILD_NUMBER" value="9"/>
    <property name="JENKINS_URL" value="http://localhost:8080/"/>
    <property name="file.encoding" value="UTF-8"/>
    <property name="maven3.interceptor" value="/Users/prashhant/.jenkins/plugins/maven-plugin/WEB-INF/lib/maven32-interceptor-1.14.jar"/>
    <property name="WORKSPACE_TMP" value="/Users/prashhant/.jenkins/workspace/MavenSelBDD@tmp"/>
    <property name="WORKSPACE" value="/Users/prashhant/.jenkins/workspace/MavenSelBDD"/>
    <property name="maven3.interceptor.common" value="/Users/prashhant/.jenkins/plugins/maven-plugin/WEB-INF/lib/maven3-interceptor-commons-1.14.jar"/>
    <property name="java.specification.version" value="17"/>
    <property name="USER" value="prashhant"/>
  </properties>
</testsuite>